<?xml version="1.0" encoding="UTF-8"?>
<testng-results ignored="0" total="0" passed="0" failed="0" skipped="0">
  <reporter-output>
  </reporter-output>
  <suite started-at="2020-11-22T07:49:34Z" name="All TestRunnerLongRichway Suite" finished-at="2020-11-22T07:49:34Z" duration-ms="5">
    <groups>
    </groups>
    <test started-at="2020-11-22T07:49:34Z" name="C:/Users/User/IdeaProjects/CyrilPrepMajor/testng.xml" finished-at="2020-11-22T07:49:34Z" duration-ms="5">
    </test> <!-- C:/Users/User/IdeaProjects/CyrilPrepMajor/testng.xml -->
  </suite> <!-- All TestRunnerLongRichway Suite -->
</testng-results>
